<?xml version="1.0" encoding="UTF-8"?>
<!-- Generated by org.testng.reporters.JUnitXMLReporter -->
<testsuite hostname="vgmb.lan" ignored="2" name="Default test" tests="1" failures="0" timestamp="25 Jul 2018 01:18:43 GMT" time="3.992" errors="0">
  <testcase name="ValidateRepoName" time="3.961" classname="TestSuite.TestCases"/>
  <testcase name="ValidateResponseStatusCode" time="0.0" classname="TestSuite.TestCases">
    <ignored/>
  </testcase> <!-- ValidateResponseStatusCode -->
  <testcase name="ValidateResponseContentType" time="0.0" classname="TestSuite.TestCases">
    <ignored/>
  </testcase> <!-- ValidateResponseContentType -->
</testsuite> <!-- Default test -->
