<?xml version="1.0" encoding="UTF-8"?>
<!-- Generated by org.testng.reporters.JUnitXMLReporter -->
<testsuite hostname="vgmb.lan" ignored="4" name="Default test" tests="1" failures="0" timestamp="25 Jul 2018 04:45:47 GMT" time="99.275" errors="0">
  <testcase name="ValidateResponseTimeStampFormat" time="99.249" classname="TestSuite.Tests"/>
  <testcase name="ValidateRepoFullName" time="0.0" classname="TestSuite.Tests">
    <ignored/>
  </testcase> <!-- ValidateRepoFullName -->
  <testcase name="ValidateResponseStatusCode" time="0.0" classname="TestSuite.Tests">
    <ignored/>
  </testcase> <!-- ValidateResponseStatusCode -->
  <testcase name="ValidateRepoName" time="0.0" classname="TestSuite.Tests">
    <ignored/>
  </testcase> <!-- ValidateRepoName -->
  <testcase name="ValidateResponseContentType" time="0.0" classname="TestSuite.Tests">
    <ignored/>
  </testcase> <!-- ValidateResponseContentType -->
</testsuite> <!-- Default test -->
