<?xml version="1.0" encoding="UTF-8"?>
<!-- Generated by org.testng.reporters.JUnitReportReporter -->
<testsuite skipped="0" hostname="vgmb.lan" name="TestSuite.Tests" tests="8" failures="0" timestamp="25 Jul 2018 17:49:05 GMT" time="6.310" errors="0">
  <testcase name="ValidateRepoName" time="0.539" classname="TestSuite.Tests"/>
  <testcase name="ValidateResponseContentType" time="0.519" classname="TestSuite.Tests"/>
  <testcase name="ValidateRepoFullName" time="0.523" classname="TestSuite.Tests"/>
  <testcase name="ValidateTimeStampsFormatUnderResponse" time="0.605" classname="TestSuite.Tests"/>
  <testcase name="ValidateResponseStatusCode" time="0.509" classname="TestSuite.Tests"/>
  <testcase name="ValidateResponseDateHeaderFormat" time="0.547" classname="TestSuite.Tests"/>
  <testcase name="ValidateResponseURLField" time="0.539" classname="TestSuite.Tests"/>
  <testcase name="ValidateOwnerLoginFromResponse" time="2.529" classname="TestSuite.Tests"/>
</testsuite> <!-- TestSuite.Tests -->
