<?xml version="1.0" encoding="UTF-8"?>
<testng-results skipped="0" failed="0" ignored="2" total="3" passed="1">
  <reporter-output>
  </reporter-output>
  <suite name="Default suite" duration-ms="3992" started-at="2018-07-25T01:18:39Z" finished-at="2018-07-25T01:18:43Z">
    <groups>
    </groups>
    <test name="Default test" duration-ms="3992" started-at="2018-07-25T01:18:39Z" finished-at="2018-07-25T01:18:43Z">
      <class name="TestSuite.TestCases">
        <test-method status="PASS" signature="ValidateRepoName()[pri:0, instance:TestSuite.TestCases@cc285f4]" name="ValidateRepoName" duration-ms="3961" started-at="2018-07-25T01:18:39Z" finished-at="2018-07-25T01:18:43Z">
          <reporter-output>
          </reporter-output>
        </test-method> <!-- ValidateRepoName -->
      </class> <!-- TestSuite.TestCases -->
    </test> <!-- Default test -->
  </suite> <!-- Default suite -->
</testng-results>
